c:\users\jacob\documents\github\seng330ass2\debug\vc140.pdb
c:\users\jacob\documents\github\seng330ass2\debug\vc140.idb
c:\users\jacob\documents\github\seng330ass2\debug\player.obj
c:\users\jacob\documents\github\seng330ass2\debug\factory.obj
c:\users\jacob\documents\github\seng330ass2\debug\seng330ass2.ilk
c:\users\jacob\documents\github\seng330ass2\debug\seng330ass2.exe
c:\users\jacob\documents\github\seng330ass2\debug\seng330ass2.pdb
c:\users\jacob\documents\github\seng330ass2\debug\gameentity.obj
c:\users\jacob\documents\github\seng330ass2\debug\main.obj
c:\users\jacob\documents\github\seng330ass2\debug\room.obj
c:\users\jacob\documents\github\seng330ass2\debug\project1.ilk
c:\users\jacob\documents\github\seng330ass2\debug\prototype.ilk
c:\users\jacob\documents\github\seng330ass2\debug\project1.pdb
c:\users\jacob\documents\github\seng330ass2\debug\prototype.pdb
c:\users\jacob\documents\github\seng330ass2\debug\seng330ass2.tlog\cl.command.1.tlog
c:\users\jacob\documents\github\seng330ass2\debug\seng330ass2.tlog\cl.read.1.tlog
c:\users\jacob\documents\github\seng330ass2\debug\seng330ass2.tlog\cl.write.1.tlog
c:\users\jacob\documents\github\seng330ass2\debug\seng330ass2.tlog\link.command.1.tlog
c:\users\jacob\documents\github\seng330ass2\debug\seng330ass2.tlog\link.read.1.tlog
c:\users\jacob\documents\github\seng330ass2\debug\seng330ass2.tlog\link.write.1.tlog
